<?xml version="1.0" encoding="UTF-8" ?>
<testsuite tests="8" failures="7" name="trabalho_poo.AvariaTest" time="0.075" errors="0" skipped="0">
  <properties>
[...]
</properties>
  <testcase classname="trabalho_poo.AvariaTest" name="trabalho_poo.AvariaTest.testGetIdAvaria" time="0.005"/>
  <testcase classname="trabalho_poo.AvariaTest" name="trabalho_poo.AvariaTest.testSetCliente" time="0.013">
    <failure message="The test case is a prototype." type="org.opentest4j.AssertionFailedError">org.opentest4j.AssertionFailedError: The test case is a prototype.
	at org.junit.jupiter.api.AssertionUtils.fail(AssertionUtils.java:39)
	at org.junit.jupiter.api.Assertions.fail(Assertions.java:109)
	at trabalho_poo.AvariaTest.testSetCliente(AvariaTest.java:125)
</failure>
    <system-out>setCliente
</system-out>
  </testcase>
  <testcase classname="trabalho_poo.AvariaTest" name="trabalho_poo.AvariaTest.testSetIdAvaria" time="0">
    <failure message="The test case is a prototype." type="org.opentest4j.AssertionFailedError">org.opentest4j.AssertionFailedError: The test case is a prototype.
	at org.junit.jupiter.api.AssertionUtils.fail(AssertionUtils.java:39)
	at org.junit.jupiter.api.Assertions.fail(Assertions.java:109)
	at trabalho_poo.AvariaTest.testSetIdAvaria(AvariaTest.java:138)
</failure>
    <system-out>setIdAvaria
</system-out>
  </testcase>
  <testcase classname="trabalho_poo.AvariaTest" name="trabalho_poo.AvariaTest.testSetCounter" time="0.052">
    <failure message="expected: &lt;5&gt; but was: &lt;4&gt;" type="org.opentest4j.AssertionFailedError">org.opentest4j.AssertionFailedError: expected: &lt;5&gt; but was: &lt;4&gt;
	at org.junit.jupiter.api.AssertionUtils.fail(AssertionUtils.java:55)
	at org.junit.jupiter.api.AssertionUtils.failNotEqual(AssertionUtils.java:62)
	at org.junit.jupiter.api.AssertEquals.assertEquals(AssertEquals.java:150)
	at org.junit.jupiter.api.AssertEquals.assertEquals(AssertEquals.java:145)
	at org.junit.jupiter.api.Assertions.assertEquals(Assertions.java:510)
	at trabalho_poo.AvariaTest.testSetCounter(AvariaTest.java:149)
</failure>
    <system-out>setCounter
</system-out>
  </testcase>
  <testcase classname="trabalho_poo.AvariaTest" name="trabalho_poo.AvariaTest.testGetCliente" time="0.001">
    <failure message="The test case is a prototype." type="org.opentest4j.AssertionFailedError">org.opentest4j.AssertionFailedError: The test case is a prototype.
	at org.junit.jupiter.api.AssertionUtils.fail(AssertionUtils.java:39)
	at org.junit.jupiter.api.Assertions.fail(Assertions.java:109)
	at trabalho_poo.AvariaTest.testGetCliente(AvariaTest.java:56)
</failure>
    <system-out>getCliente
</system-out>
  </testcase>
  <testcase classname="trabalho_poo.AvariaTest" name="trabalho_poo.AvariaTest.testGetIdTipoAvariaString" time="0.001">
    <failure message="expected: &lt;&gt; but was: &lt;queda&gt;" type="org.opentest4j.AssertionFailedError">org.opentest4j.AssertionFailedError: expected: &lt;&gt; but was: &lt;queda&gt;
	at org.junit.jupiter.api.AssertionUtils.fail(AssertionUtils.java:55)
	at org.junit.jupiter.api.AssertionUtils.failNotEqual(AssertionUtils.java:62)
	at org.junit.jupiter.api.AssertEquals.assertEquals(AssertEquals.java:182)
	at org.junit.jupiter.api.AssertEquals.assertEquals(AssertEquals.java:177)
	at org.junit.jupiter.api.Assertions.assertEquals(Assertions.java:1124)
	at trabalho_poo.AvariaTest.testGetIdTipoAvariaString(AvariaTest.java:96)
</failure>
    <system-out>getIdTipoAvariaString
</system-out>
  </testcase>
  <testcase classname="trabalho_poo.AvariaTest" name="trabalho_poo.AvariaTest.testGetIdTipoAvaria" time="0.001">
    <failure message="The test case is a prototype." type="org.opentest4j.AssertionFailedError">org.opentest4j.AssertionFailedError: The test case is a prototype.
	at org.junit.jupiter.api.AssertionUtils.fail(AssertionUtils.java:39)
	at org.junit.jupiter.api.Assertions.fail(Assertions.java:109)
	at trabalho_poo.AvariaTest.testGetIdTipoAvaria(AvariaTest.java:84)
</failure>
    <system-out>getIdTipoAvaria
</system-out>
  </testcase>
  <testcase classname="trabalho_poo.AvariaTest" name="trabalho_poo.AvariaTest.testGetIdTipoProduto" time="0.002">
    <failure message="The test case is a prototype." type="org.opentest4j.AssertionFailedError">org.opentest4j.AssertionFailedError: The test case is a prototype.
	at org.junit.jupiter.api.AssertionUtils.fail(AssertionUtils.java:39)
	at org.junit.jupiter.api.Assertions.fail(Assertions.java:109)
	at trabalho_poo.AvariaTest.testGetIdTipoProduto(AvariaTest.java:112)
</failure>
    <system-out>getIdTipoProduto
</system-out>
  </testcase>
</testsuite>